2014/12/05 15:00:47 [error] [exception.CException] exception 'CException' with message 'Alias "ext.bootstrap.components.Bootstrap" is invalid. Make sure it points to an existing PHP file and the file is readable.' in C:\OpenServer\domains\plant.ua\vendor\yiisoft\yii\framework\YiiBase.php:322
Stack trace:
#0 C:\OpenServer\domains\plant.ua\vendor\yiisoft\yii\framework\YiiBase.php(196): YiiBase::import('ext.bootstrap.c...', true)
#1 C:\OpenServer\domains\plant.ua\vendor\yiisoft\yii\framework\base\CModule.php(386): YiiBase::createComponent(Array)
#2 C:\OpenServer\domains\plant.ua\vendor\yiisoft\yii\framework\base\CModule.php(523): CModule->getComponent('bootstrap')
#3 C:\OpenServer\domains\plant.ua\vendor\yiisoft\yii\framework\base\CApplication.php(163): CModule->preloadComponents()
#4 C:\OpenServer\domains\plant.ua\vendor\yiisoft\yii\framework\YiiBase.php(125): CApplication->__construct('C:\\OpenServer\\d...')
#5 C:\OpenServer\domains\plant.ua\vendor\yiisoft\yii\framework\YiiBase.php(98): YiiBase::createApplication('CWebApplication', 'C:\\OpenServer\\d...')
#6 C:\OpenServer\domains\plant.ua\index.php(13): YiiBase::createWebApplication('C:\\OpenServer\\d...')
#7 {main}
REQUEST_URI=/index.php?r=site/index
HTTP_REFERER=http://plant.ua/index.php/gii/model/index
---
2014/12/05 15:31:35 [error] [exception.CException] exception 'CException' with message 'Property "LoginForm.textField" is not defined.' in C:\OpenServer\domains\plant.ua\vendor\yiisoft\yii\framework\base\CComponent.php:130
Stack trace:
#0 C:\OpenServer\domains\plant.ua\vendor\yiisoft\yii\framework\web\helpers\CHtml.php(2529): CComponent->__get('textField')
#1 C:\OpenServer\domains\plant.ua\vendor\yiisoft\yii\framework\web\helpers\CHtml.php(2252): CHtml::resolveValue(Object(LoginForm), 'textField')
#2 C:\OpenServer\domains\plant.ua\vendor\yiisoft\yii\framework\web\helpers\CHtml.php(1434): CHtml::activeInputField('text', Object(LoginForm), 'textField', Array)
#3 C:\OpenServer\domains\plant.ua\vendor\yiisoft\yii\framework\web\widgets\CActiveForm.php(725): CHtml::activeTextField(Object(LoginForm), 'textField', Array)
#4 [internal function]: CActiveForm->textField(Object(LoginForm), 'textField', Array)
#5 C:\OpenServer\domains\plant.ua\protected\extensions\booster\widgets\TbActiveForm.php(1293): call_user_func_array(Array, Array)
#6 C:\OpenServer\domains\plant.ua\protected\extensions\booster\widgets\TbActiveForm.php(1152): TbActiveForm->verticalGroup(Array, Object(LoginForm), 'textField', Array)
#7 C:\OpenServer\domains\plant.ua\protected\extensions\booster\widgets\TbActiveForm.php(389): TbActiveForm->customFieldGroupInternal(Array, Object(LoginForm), 'textField', Array)
#8 C:\OpenServer\domains\plant.ua\protected\views\site\login.php(26): TbActiveForm->textFieldGroup(Object(LoginForm), 'textField')
#9 C:\OpenServer\domains\plant.ua\vendor\yiisoft\yii\framework\web\CBaseController.php(126): require('C:\\OpenServer\\d...')
#10 C:\OpenServer\domains\plant.ua\vendor\yiisoft\yii\framework\web\CBaseController.php(95): CBaseController->renderInternal('C:\\OpenServer\\d...', Array, true)
#11 C:\OpenServer\domains\plant.ua\vendor\yiisoft\yii\framework\web\CController.php(869): CBaseController->renderFile('C:\\OpenServer\\d...', Array, true)
#12 C:\OpenServer\domains\plant.ua\vendor\yiisoft\yii\framework\web\CController.php(782): CController->renderPartial('login', Array, true)
#13 C:\OpenServer\domains\plant.ua\protected\controllers\SiteController.php(98): CController->render('login', Array)
#14 C:\OpenServer\domains\plant.ua\vendor\yiisoft\yii\framework\web\actions\CInlineAction.php(49): SiteController->actionLogin()
#15 C:\OpenServer\domains\plant.ua\vendor\yiisoft\yii\framework\web\CController.php(308): CInlineAction->runWithParams(Array)
#16 C:\OpenServer\domains\plant.ua\vendor\yiisoft\yii\framework\web\CController.php(286): CController->runAction(Object(CInlineAction))
#17 C:\OpenServer\domains\plant.ua\vendor\yiisoft\yii\framework\web\CController.php(265): CController->runActionWithFilters(Object(CInlineAction), Array)
#18 C:\OpenServer\domains\plant.ua\vendor\yiisoft\yii\framework\web\CWebApplication.php(282): CController->run('login')
#19 C:\OpenServer\domains\plant.ua\vendor\yiisoft\yii\framework\web\CWebApplication.php(141): CWebApplication->runController('site/login')
#20 C:\OpenServer\domains\plant.ua\vendor\yiisoft\yii\framework\base\CApplication.php(180): CWebApplication->processRequest()
#21 C:\OpenServer\domains\plant.ua\index.php(13): CApplication->run()
#22 {main}
REQUEST_URI=/index.php/site/login
HTTP_REFERER=http://plant.ua/index.php/site/contact
---
2014/12/05 15:31:45 [error] [exception.CException] exception 'CException' with message 'Property "LoginForm.textField" is not defined.' in C:\OpenServer\domains\plant.ua\vendor\yiisoft\yii\framework\base\CComponent.php:130
Stack trace:
#0 C:\OpenServer\domains\plant.ua\vendor\yiisoft\yii\framework\web\helpers\CHtml.php(2529): CComponent->__get('textField')
#1 C:\OpenServer\domains\plant.ua\vendor\yiisoft\yii\framework\web\helpers\CHtml.php(2252): CHtml::resolveValue(Object(LoginForm), 'textField')
#2 C:\OpenServer\domains\plant.ua\vendor\yiisoft\yii\framework\web\helpers\CHtml.php(1434): CHtml::activeInputField('text', Object(LoginForm), 'textField', Array)
#3 C:\OpenServer\domains\plant.ua\vendor\yiisoft\yii\framework\web\widgets\CActiveForm.php(725): CHtml::activeTextField(Object(LoginForm), 'textField', Array)
#4 [internal function]: CActiveForm->textField(Object(LoginForm), 'textField', Array)
#5 C:\OpenServer\domains\plant.ua\protected\extensions\booster\widgets\TbActiveForm.php(1293): call_user_func_array(Array, Array)
#6 C:\OpenServer\domains\plant.ua\protected\extensions\booster\widgets\TbActiveForm.php(1152): TbActiveForm->verticalGroup(Array, Object(LoginForm), 'textField', Array)
#7 C:\OpenServer\domains\plant.ua\protected\extensions\booster\widgets\TbActiveForm.php(389): TbActiveForm->customFieldGroupInternal(Array, Object(LoginForm), 'textField', Array)
#8 C:\OpenServer\domains\plant.ua\protected\views\site\login.php(26): TbActiveForm->textFieldGroup(Object(LoginForm), 'textField')
#9 C:\OpenServer\domains\plant.ua\vendor\yiisoft\yii\framework\web\CBaseController.php(126): require('C:\\OpenServer\\d...')
#10 C:\OpenServer\domains\plant.ua\vendor\yiisoft\yii\framework\web\CBaseController.php(95): CBaseController->renderInternal('C:\\OpenServer\\d...', Array, true)
#11 C:\OpenServer\domains\plant.ua\vendor\yiisoft\yii\framework\web\CController.php(869): CBaseController->renderFile('C:\\OpenServer\\d...', Array, true)
#12 C:\OpenServer\domains\plant.ua\vendor\yiisoft\yii\framework\web\CController.php(782): CController->renderPartial('login', Array, true)
#13 C:\OpenServer\domains\plant.ua\protected\controllers\SiteController.php(98): CController->render('login', Array)
#14 C:\OpenServer\domains\plant.ua\vendor\yiisoft\yii\framework\web\actions\CInlineAction.php(49): SiteController->actionLogin()
#15 C:\OpenServer\domains\plant.ua\vendor\yiisoft\yii\framework\web\CController.php(308): CInlineAction->runWithParams(Array)
#16 C:\OpenServer\domains\plant.ua\vendor\yiisoft\yii\framework\web\CController.php(286): CController->runAction(Object(CInlineAction))
#17 C:\OpenServer\domains\plant.ua\vendor\yiisoft\yii\framework\web\CController.php(265): CController->runActionWithFilters(Object(CInlineAction), Array)
#18 C:\OpenServer\domains\plant.ua\vendor\yiisoft\yii\framework\web\CWebApplication.php(282): CController->run('login')
#19 C:\OpenServer\domains\plant.ua\vendor\yiisoft\yii\framework\web\CWebApplication.php(141): CWebApplication->runController('site/login')
#20 C:\OpenServer\domains\plant.ua\vendor\yiisoft\yii\framework\base\CApplication.php(180): CWebApplication->processRequest()
#21 C:\OpenServer\domains\plant.ua\index.php(13): CApplication->run()
#22 {main}
REQUEST_URI=/index.php/site/login
HTTP_REFERER=http://plant.ua/index.php/site/contact
---
2014/12/05 15:46:50 [error] [exception.CHttpException.404] exception 'CHttpException' with message 'The system is unable to find the requested action "site".' in C:\OpenServer\domains\plant.ua\vendor\yiisoft\yii\framework\web\CController.php:483
Stack trace:
#0 C:\OpenServer\domains\plant.ua\vendor\yiisoft\yii\framework\web\CController.php(270): CController->missingAction('site')
#1 C:\OpenServer\domains\plant.ua\vendor\yiisoft\yii\framework\web\CWebApplication.php(282): CController->run('site')
#2 C:\OpenServer\domains\plant.ua\vendor\yiisoft\yii\framework\web\CWebApplication.php(141): CWebApplication->runController('site/site/login')
#3 C:\OpenServer\domains\plant.ua\vendor\yiisoft\yii\framework\base\CApplication.php(180): CWebApplication->processRequest()
#4 C:\OpenServer\domains\plant.ua\index.php(13): CApplication->run()
#5 {main}
REQUEST_URI=/index.php/site/site/login
HTTP_REFERER=http://plant.ua/index.php/site/login
---
2014/12/05 15:49:28 [error] [exception.CHttpException.404] exception 'CHttpException' with message 'The system is unable to find the requested action "site".' in C:\OpenServer\domains\plant.ua\vendor\yiisoft\yii\framework\web\CController.php:483
Stack trace:
#0 C:\OpenServer\domains\plant.ua\vendor\yiisoft\yii\framework\web\CController.php(270): CController->missingAction('site')
#1 C:\OpenServer\domains\plant.ua\vendor\yiisoft\yii\framework\web\CWebApplication.php(282): CController->run('site')
#2 C:\OpenServer\domains\plant.ua\vendor\yiisoft\yii\framework\web\CWebApplication.php(141): CWebApplication->runController('site/site/login')
#3 C:\OpenServer\domains\plant.ua\vendor\yiisoft\yii\framework\base\CApplication.php(180): CWebApplication->processRequest()
#4 C:\OpenServer\domains\plant.ua\index.php(13): CApplication->run()
#5 {main}
REQUEST_URI=/site/site/login
HTTP_REFERER=http://plant.ua/site/login
---
2014/12/05 17:31:34 [error] [php] Missing argument 3 for CActiveForm::dropDownList(), called in C:\OpenServer\domains\plant.ua\protected\views\project\_form.php on line 14 and defined (C:\OpenServer\domains\plant.ua\vendor\yiisoft\yii\framework\web\widgets\CActiveForm.php:845)
Stack trace:
#0 C:\OpenServer\domains\plant.ua\vendor\yiisoft\yii\framework\web\CBaseController.php(95): ProjectController->renderInternal()
#1 C:\OpenServer\domains\plant.ua\vendor\yiisoft\yii\framework\web\CController.php(869): ProjectController->renderFile()
#2 C:\OpenServer\domains\plant.ua\protected\views\project\create.php(15): ProjectController->renderPartial()
#3 C:\OpenServer\domains\plant.ua\vendor\yiisoft\yii\framework\web\CBaseController.php(126): require()
#4 C:\OpenServer\domains\plant.ua\vendor\yiisoft\yii\framework\web\CBaseController.php(95): ProjectController->renderInternal()
#5 C:\OpenServer\domains\plant.ua\vendor\yiisoft\yii\framework\web\CController.php(869): ProjectController->renderFile()
#6 C:\OpenServer\domains\plant.ua\vendor\yiisoft\yii\framework\web\CController.php(782): ProjectController->renderPartial()
#7 C:\OpenServer\domains\plant.ua\protected\controllers\ProjectController.php(78): ProjectController->render()
#8 C:\OpenServer\domains\plant.ua\vendor\yiisoft\yii\framework\web\actions\CInlineAction.php(49): ProjectController->actionCreate()
#9 C:\OpenServer\domains\plant.ua\vendor\yiisoft\yii\framework\web\CController.php(308): CInlineAction->runWithParams()
#10 C:\OpenServer\domains\plant.ua\vendor\yiisoft\yii\framework\web\filters\CFilterChain.php(133): ProjectController->runAction()
#11 C:\OpenServer\domains\plant.ua\vendor\yiisoft\yii\framework\web\filters\CFilter.php(40): CFilterChain->run()
#12 C:\OpenServer\domains\plant.ua\vendor\yiisoft\yii\framework\web\CController.php(1145): CAccessControlFilter->filter()
#13 C:\OpenServer\domains\plant.ua\vendor\yiisoft\yii\framework\web\filters\CInlineFilter.php(58): ProjectController->filterAccessControl()
#14 C:\OpenServer\domains\plant.ua\vendor\yiisoft\yii\framework\web\filters\CFilterChain.php(130): CInlineFilter->filter()
#15 C:\OpenServer\domains\plant.ua\vendor\yiisoft\yii\framework\web\CController.php(291): CFilterChain->run()
#16 C:\OpenServer\domains\plant.ua\vendor\yiisoft\yii\framework\web\CController.php(265): ProjectController->runActionWithFilters()
#17 C:\OpenServer\domains\plant.ua\vendor\yiisoft\yii\framework\web\CWebApplication.php(282): ProjectController->run()
#18 C:\OpenServer\domains\plant.ua\vendor\yiisoft\yii\framework\web\CWebApplication.php(141): CWebApplication->runController()
#19 C:\OpenServer\domains\plant.ua\vendor\yiisoft\yii\framework\base\CApplication.php(180): CWebApplication->processRequest()
#20 C:\OpenServer\domains\plant.ua\index.php(13): CWebApplication->run()
REQUEST_URI=/project/create
in C:\OpenServer\domains\plant.ua\protected\views\project\_form.php (14)
in C:\OpenServer\domains\plant.ua\protected\views\project\create.php (15)
in C:\OpenServer\domains\plant.ua\protected\controllers\ProjectController.php (78)
2014/12/05 17:31:52 [error] [exception.CException] exception 'CException' with message 'CActiveForm and its behaviors do not have a method or closure named "textFieldGroup".' in C:\OpenServer\domains\plant.ua\vendor\yiisoft\yii\framework\base\CComponent.php:266
Stack trace:
#0 C:\OpenServer\domains\plant.ua\protected\views\project\_form.php(8): CComponent->__call('textFieldGroup', Array)
#1 C:\OpenServer\domains\plant.ua\protected\views\project\_form.php(8): CActiveForm->textFieldGroup(Object(Project), 'name', Array)
#2 C:\OpenServer\domains\plant.ua\vendor\yiisoft\yii\framework\web\CBaseController.php(126): require('C:\\OpenServer\\d...')
#3 C:\OpenServer\domains\plant.ua\vendor\yiisoft\yii\framework\web\CBaseController.php(95): CBaseController->renderInternal('C:\\OpenServer\\d...', Array, true)
#4 C:\OpenServer\domains\plant.ua\vendor\yiisoft\yii\framework\web\CController.php(869): CBaseController->renderFile('C:\\OpenServer\\d...', Array, true)
#5 C:\OpenServer\domains\plant.ua\protected\views\project\create.php(15): CController->renderPartial('_form', Array)
#6 C:\OpenServer\domains\plant.ua\vendor\yiisoft\yii\framework\web\CBaseController.php(126): require('C:\\OpenServer\\d...')
#7 C:\OpenServer\domains\plant.ua\vendor\yiisoft\yii\framework\web\CBaseController.php(95): CBaseController->renderInternal('C:\\OpenServer\\d...', Array, true)
#8 C:\OpenServer\domains\plant.ua\vendor\yiisoft\yii\framework\web\CController.php(869): CBaseController->renderFile('C:\\OpenServer\\d...', Array, true)
#9 C:\OpenServer\domains\plant.ua\vendor\yiisoft\yii\framework\web\CController.php(782): CController->renderPartial('create', Array, true)
#10 C:\OpenServer\domains\plant.ua\protected\controllers\ProjectController.php(78): CController->render('create', Array)
#11 C:\OpenServer\domains\plant.ua\vendor\yiisoft\yii\framework\web\actions\CInlineAction.php(49): ProjectController->actionCreate()
#12 C:\OpenServer\domains\plant.ua\vendor\yiisoft\yii\framework\web\CController.php(308): CInlineAction->runWithParams(Array)
#13 C:\OpenServer\domains\plant.ua\vendor\yiisoft\yii\framework\web\filters\CFilterChain.php(133): CController->runAction(Object(CInlineAction))
#14 C:\OpenServer\domains\plant.ua\vendor\yiisoft\yii\framework\web\filters\CFilter.php(40): CFilterChain->run()
#15 C:\OpenServer\domains\plant.ua\vendor\yiisoft\yii\framework\web\CController.php(1145): CFilter->filter(Object(CFilterChain))
#16 C:\OpenServer\domains\plant.ua\vendor\yiisoft\yii\framework\web\filters\CInlineFilter.php(58): CController->filterAccessControl(Object(CFilterChain))
#17 C:\OpenServer\domains\plant.ua\vendor\yiisoft\yii\framework\web\filters\CFilterChain.php(130): CInlineFilter->filter(Object(CFilterChain))
#18 C:\OpenServer\domains\plant.ua\vendor\yiisoft\yii\framework\web\CController.php(291): CFilterChain->run()
#19 C:\OpenServer\domains\plant.ua\vendor\yiisoft\yii\framework\web\CController.php(265): CController->runActionWithFilters(Object(CInlineAction), Array)
#20 C:\OpenServer\domains\plant.ua\vendor\yiisoft\yii\framework\web\CWebApplication.php(282): CController->run('create')
#21 C:\OpenServer\domains\plant.ua\vendor\yiisoft\yii\framework\web\CWebApplication.php(141): CWebApplication->runController('project/create')
#22 C:\OpenServer\domains\plant.ua\vendor\yiisoft\yii\framework\base\CApplication.php(180): CWebApplication->processRequest()
#23 C:\OpenServer\domains\plant.ua\index.php(13): CApplication->run()
#24 {main}
REQUEST_URI=/project/create
HTTP_REFERER=http://plant.ua/project
---
2014/12/05 18:31:16 [error] [exception.CException] exception 'CException' with message 'Property "Project.id_profile" is not defined.' in C:\OpenServer\domains\plant.ua\vendor\yiisoft\yii\framework\base\CComponent.php:130
Stack trace:
#0 C:\OpenServer\domains\plant.ua\vendor\yiisoft\yii\framework\db\ar\CActiveRecord.php(145): CComponent->__get('id_profile')
#1 C:\OpenServer\domains\plant.ua\vendor\yiisoft\yii\framework\web\helpers\CHtml.php(2529): CActiveRecord->__get('id_profile')
#2 C:\OpenServer\domains\plant.ua\vendor\yiisoft\yii\framework\web\helpers\CHtml.php(2252): CHtml::resolveValue(Object(Project), 'id_profile')
#3 C:\OpenServer\domains\plant.ua\vendor\yiisoft\yii\framework\web\helpers\CHtml.php(1434): CHtml::activeInputField('text', Object(Project), 'id_profile', Array)
#4 C:\OpenServer\domains\plant.ua\vendor\yiisoft\yii\framework\web\widgets\CActiveForm.php(725): CHtml::activeTextField(Object(Project), 'id_profile', Array)
#5 C:\OpenServer\domains\plant.ua\protected\views\project\_search.php(31): CActiveForm->textField(Object(Project), 'id_profile', Array)
#6 C:\OpenServer\domains\plant.ua\vendor\yiisoft\yii\framework\web\CBaseController.php(126): require('C:\\OpenServer\\d...')
#7 C:\OpenServer\domains\plant.ua\vendor\yiisoft\yii\framework\web\CBaseController.php(95): CBaseController->renderInternal('C:\\OpenServer\\d...', Array, true)
#8 C:\OpenServer\domains\plant.ua\vendor\yiisoft\yii\framework\web\CController.php(869): CBaseController->renderFile('C:\\OpenServer\\d...', Array, true)
#9 C:\OpenServer\domains\plant.ua\protected\views\project\admin.php(40): CController->renderPartial('_search', Array)
#10 C:\OpenServer\domains\plant.ua\vendor\yiisoft\yii\framework\web\CBaseController.php(126): require('C:\\OpenServer\\d...')
#11 C:\OpenServer\domains\plant.ua\vendor\yiisoft\yii\framework\web\CBaseController.php(95): CBaseController->renderInternal('C:\\OpenServer\\d...', Array, true)
#12 C:\OpenServer\domains\plant.ua\vendor\yiisoft\yii\framework\web\CController.php(869): CBaseController->renderFile('C:\\OpenServer\\d...', Array, true)
#13 C:\OpenServer\domains\plant.ua\vendor\yiisoft\yii\framework\web\CController.php(782): CController->renderPartial('admin', Array, true)
#14 C:\OpenServer\domains\plant.ua\protected\controllers\ProjectController.php(143): CController->render('admin', Array)
#15 C:\OpenServer\domains\plant.ua\vendor\yiisoft\yii\framework\web\actions\CInlineAction.php(49): ProjectController->actionAdmin()
#16 C:\OpenServer\domains\plant.ua\vendor\yiisoft\yii\framework\web\CController.php(308): CInlineAction->runWithParams(Array)
#17 C:\OpenServer\domains\plant.ua\vendor\yiisoft\yii\framework\web\filters\CFilterChain.php(133): CController->runAction(Object(CInlineAction))
#18 C:\OpenServer\domains\plant.ua\vendor\yiisoft\yii\framework\web\filters\CFilter.php(40): CFilterChain->run()
#19 C:\OpenServer\domains\plant.ua\vendor\yiisoft\yii\framework\web\CController.php(1145): CFilter->filter(Object(CFilterChain))
#20 C:\OpenServer\domains\plant.ua\vendor\yiisoft\yii\framework\web\filters\CInlineFilter.php(58): CController->filterAccessControl(Object(CFilterChain))
#21 C:\OpenServer\domains\plant.ua\vendor\yiisoft\yii\framework\web\filters\CFilterChain.php(130): CInlineFilter->filter(Object(CFilterChain))
#22 C:\OpenServer\domains\plant.ua\vendor\yiisoft\yii\framework\web\CController.php(291): CFilterChain->run()
#23 C:\OpenServer\domains\plant.ua\vendor\yiisoft\yii\framework\web\CController.php(265): CController->runActionWithFilters(Object(CInlineAction), Array)
#24 C:\OpenServer\domains\plant.ua\vendor\yiisoft\yii\framework\web\CWebApplication.php(282): CController->run('admin')
#25 C:\OpenServer\domains\plant.ua\vendor\yiisoft\yii\framework\web\CWebApplication.php(141): CWebApplication->runController('project/admin')
#26 C:\OpenServer\domains\plant.ua\vendor\yiisoft\yii\framework\base\CApplication.php(180): CWebApplication->processRequest()
#27 C:\OpenServer\domains\plant.ua\index.php(13): CApplication->run()
#28 {main}
REQUEST_URI=/project/admin/2
---
2014/12/05 18:51:42 [error] [exception.CException] exception 'CException' with message 'Property "Project.id_profile" is not defined.' in C:\OpenServer\domains\plant.ua\vendor\yiisoft\yii\framework\base\CComponent.php:130
Stack trace:
#0 C:\OpenServer\domains\plant.ua\vendor\yiisoft\yii\framework\db\ar\CActiveRecord.php(145): CComponent->__get('id_profile')
#1 C:\OpenServer\domains\plant.ua\vendor\yiisoft\yii\framework\web\helpers\CHtml.php(2529): CActiveRecord->__get('id_profile')
#2 C:\OpenServer\domains\plant.ua\vendor\yiisoft\yii\framework\web\helpers\CHtml.php(2252): CHtml::resolveValue(Object(Project), 'id_profile')
#3 C:\OpenServer\domains\plant.ua\vendor\yiisoft\yii\framework\web\helpers\CHtml.php(1434): CHtml::activeInputField('text', Object(Project), 'id_profile', Array)
#4 C:\OpenServer\domains\plant.ua\vendor\yiisoft\yii\framework\web\widgets\CActiveForm.php(725): CHtml::activeTextField(Object(Project), 'id_profile', Array)
#5 C:\OpenServer\domains\plant.ua\protected\views\project\_search.php(31): CActiveForm->textField(Object(Project), 'id_profile', Array)
#6 C:\OpenServer\domains\plant.ua\vendor\yiisoft\yii\framework\web\CBaseController.php(126): require('C:\\OpenServer\\d...')
#7 C:\OpenServer\domains\plant.ua\vendor\yiisoft\yii\framework\web\CBaseController.php(95): CBaseController->renderInternal('C:\\OpenServer\\d...', Array, true)
#8 C:\OpenServer\domains\plant.ua\vendor\yiisoft\yii\framework\web\CController.php(869): CBaseController->renderFile('C:\\OpenServer\\d...', Array, true)
#9 C:\OpenServer\domains\plant.ua\protected\views\project\admin.php(40): CController->renderPartial('_search', Array)
#10 C:\OpenServer\domains\plant.ua\vendor\yiisoft\yii\framework\web\CBaseController.php(126): require('C:\\OpenServer\\d...')
#11 C:\OpenServer\domains\plant.ua\vendor\yiisoft\yii\framework\web\CBaseController.php(95): CBaseController->renderInternal('C:\\OpenServer\\d...', Array, true)
#12 C:\OpenServer\domains\plant.ua\vendor\yiisoft\yii\framework\web\CController.php(869): CBaseController->renderFile('C:\\OpenServer\\d...', Array, true)
#13 C:\OpenServer\domains\plant.ua\vendor\yiisoft\yii\framework\web\CController.php(782): CController->renderPartial('admin', Array, true)
#14 C:\OpenServer\domains\plant.ua\protected\controllers\ProjectController.php(143): CController->render('admin', Array)
#15 C:\OpenServer\domains\plant.ua\vendor\yiisoft\yii\framework\web\actions\CInlineAction.php(49): ProjectController->actionAdmin()
#16 C:\OpenServer\domains\plant.ua\vendor\yiisoft\yii\framework\web\CController.php(308): CInlineAction->runWithParams(Array)
#17 C:\OpenServer\domains\plant.ua\vendor\yiisoft\yii\framework\web\filters\CFilterChain.php(133): CController->runAction(Object(CInlineAction))
#18 C:\OpenServer\domains\plant.ua\vendor\yiisoft\yii\framework\web\filters\CFilter.php(40): CFilterChain->run()
#19 C:\OpenServer\domains\plant.ua\vendor\yiisoft\yii\framework\web\CController.php(1145): CFilter->filter(Object(CFilterChain))
#20 C:\OpenServer\domains\plant.ua\vendor\yiisoft\yii\framework\web\filters\CInlineFilter.php(58): CController->filterAccessControl(Object(CFilterChain))
#21 C:\OpenServer\domains\plant.ua\vendor\yiisoft\yii\framework\web\filters\CFilterChain.php(130): CInlineFilter->filter(Object(CFilterChain))
#22 C:\OpenServer\domains\plant.ua\vendor\yiisoft\yii\framework\web\CController.php(291): CFilterChain->run()
#23 C:\OpenServer\domains\plant.ua\vendor\yiisoft\yii\framework\web\CController.php(265): CController->runActionWithFilters(Object(CInlineAction), Array)
#24 C:\OpenServer\domains\plant.ua\vendor\yiisoft\yii\framework\web\CWebApplication.php(282): CController->run('admin')
#25 C:\OpenServer\domains\plant.ua\vendor\yiisoft\yii\framework\web\CWebApplication.php(141): CWebApplication->runController('project/admin')
#26 C:\OpenServer\domains\plant.ua\vendor\yiisoft\yii\framework\base\CApplication.php(180): CWebApplication->processRequest()
#27 C:\OpenServer\domains\plant.ua\index.php(13): CApplication->run()
#28 {main}
REQUEST_URI=/project/admin
HTTP_REFERER=http://plant.ua/project/index
---
2014/12/05 19:14:35 [error] [system.db.CDbCommand] CDbCommand::fetchAll() failed: SQLSTATE[42S22]: Column not found: 1054 Unknown column 'profile.profile_id' in 'where clause'. The SQL statement executed was: SELECT `profile`.`id` AS `t1_c0`, `profile`.`name` AS `t1_c1`, `profile`.`length` AS `t1_c2`, `profile`.`amount` AS `t1_c3`, `profile`.`status` AS `t1_c4`, `profile`.`project_id` AS `t1_c5` FROM `profile` `profile`  WHERE (`profile`.`profile_id`=:ypl0).
in C:\OpenServer\domains\plant.ua\protected\views\project\admin.php (62)
in C:\OpenServer\domains\plant.ua\protected\controllers\ProjectController.php (143)
in C:\OpenServer\domains\plant.ua\index.php (13)
2014/12/05 19:14:35 [error] [exception.CDbException] exception 'CDbException' with message 'CDbCommand failed to execute the SQL statement: SQLSTATE[42S22]: Column not found: 1054 Unknown column 'profile.profile_id' in 'where clause'. The SQL statement executed was: SELECT `profile`.`id` AS `t1_c0`, `profile`.`name` AS `t1_c1`, `profile`.`length` AS `t1_c2`, `profile`.`amount` AS `t1_c3`, `profile`.`status` AS `t1_c4`, `profile`.`project_id` AS `t1_c5` FROM `profile` `profile`  WHERE (`profile`.`profile_id`=:ypl0)' in C:\OpenServer\domains\plant.ua\vendor\yiisoft\yii\framework\db\CDbCommand.php:543
Stack trace:
#0 C:\OpenServer\domains\plant.ua\vendor\yiisoft\yii\framework\db\CDbCommand.php(396): CDbCommand->queryInternal('fetchAll', Array, Array)
#1 C:\OpenServer\domains\plant.ua\vendor\yiisoft\yii\framework\db\ar\CActiveFinder.php(803): CDbCommand->queryAll()
#2 C:\OpenServer\domains\plant.ua\vendor\yiisoft\yii\framework\db\ar\CActiveFinder.php(507): CJoinElement->runQuery(Object(CJoinQuery))
#3 C:\OpenServer\domains\plant.ua\vendor\yiisoft\yii\framework\db\ar\CActiveFinder.php(163): CJoinElement->lazyFind(Object(Project))
#4 C:\OpenServer\domains\plant.ua\vendor\yiisoft\yii\framework\db\ar\CActiveRecord.php(281): CActiveFinder->lazyFind(Object(Project))
#5 C:\OpenServer\domains\plant.ua\vendor\yiisoft\yii\framework\db\ar\CActiveRecord.php(143): CActiveRecord->getRelated('profile')
#6 C:\OpenServer\domains\plant.ua\vendor\yiisoft\yii\framework\base\CComponent.php(612) : eval()'d code(1): CActiveRecord->__get('profile')
#7 C:\OpenServer\domains\plant.ua\vendor\yiisoft\yii\framework\base\CComponent.php(612): eval()
#8 C:\OpenServer\domains\plant.ua\vendor\yiisoft\yii\framework\zii\widgets\grid\CDataColumn.php(137): CComponent->evaluateExpression('$data->profile-...', Array)
#9 C:\OpenServer\domains\plant.ua\vendor\yiisoft\yii\framework\zii\widgets\grid\CGridColumn.php(151): CDataColumn->renderDataCellContent(0, Object(Project))
#10 C:\OpenServer\domains\plant.ua\vendor\yiisoft\yii\framework\zii\widgets\grid\CGridView.php(616): CGridColumn->renderDataCell(0)
#11 C:\OpenServer\domains\plant.ua\vendor\yiisoft\yii\framework\zii\widgets\grid\CGridView.php(572): CGridView->renderTableRow(0)
#12 C:\OpenServer\domains\plant.ua\vendor\yiisoft\yii\framework\zii\widgets\grid\CGridView.php(482): CGridView->renderTableBody()
#13 C:\OpenServer\domains\plant.ua\vendor\yiisoft\yii\framework\zii\widgets\CBaseListView.php(167): CGridView->renderItems()
#14 [internal function]: CBaseListView->renderSection(Array)
#15 C:\OpenServer\domains\plant.ua\vendor\yiisoft\yii\framework\zii\widgets\CBaseListView.php(150): preg_replace_callback('/{(\\w+)}/', Array, '{summary}\n{item...')
#16 C:\OpenServer\domains\plant.ua\vendor\yiisoft\yii\framework\zii\widgets\CBaseListView.php(135): CBaseListView->renderContent()
#17 C:\OpenServer\domains\plant.ua\vendor\yiisoft\yii\framework\web\CBaseController.php(173): CBaseListView->run()
#18 C:\OpenServer\domains\plant.ua\protected\views\project\admin.php(62): CBaseController->widget('zii.widgets.gri...', Array)
#19 C:\OpenServer\domains\plant.ua\vendor\yiisoft\yii\framework\web\CBaseController.php(126): require('C:\\OpenServer\\d...')
#20 C:\OpenServer\domains\plant.ua\vendor\yiisoft\yii\framework\web\CBaseController.php(95): CBaseController->renderInternal('C:\\OpenServer\\d...', Array, true)
#21 C:\OpenServer\domains\plant.ua\vendor\yiisoft\yii\framework\web\CController.php(869): CBaseController->renderFile('C:\\OpenServer\\d...', Array, true)
#22 C:\OpenServer\domains\plant.ua\vendor\yiisoft\yii\framework\web\CController.php(782): CController->renderPartial('admin', Array, true)
#23 C:\OpenServer\domains\plant.ua\protected\controllers\ProjectController.php(143): CController->render('admin', Array)
#24 C:\OpenServer\domains\plant.ua\vendor\yiisoft\yii\framework\web\actions\CInlineAction.php(49): ProjectController->actionAdmin()
#25 C:\OpenServer\domains\plant.ua\vendor\yiisoft\yii\framework\web\CController.php(308): CInlineAction->runWithParams(Array)
#26 C:\OpenServer\domains\plant.ua\vendor\yiisoft\yii\framework\web\filters\CFilterChain.php(133): CController->runAction(Object(CInlineAction))
#27 C:\OpenServer\domains\plant.ua\vendor\yiisoft\yii\framework\web\filters\CFilter.php(40): CFilterChain->run()
#28 C:\OpenServer\domains\plant.ua\vendor\yiisoft\yii\framework\web\CController.php(1145): CFilter->filter(Object(CFilterChain))
#29 C:\OpenServer\domains\plant.ua\vendor\yiisoft\yii\framework\web\filters\CInlineFilter.php(58): CController->filterAccessControl(Object(CFilterChain))
#30 C:\OpenServer\domains\plant.ua\vendor\yiisoft\yii\framework\web\filters\CFilterChain.php(130): CInlineFilter->filter(Object(CFilterChain))
#31 C:\OpenServer\domains\plant.ua\vendor\yiisoft\yii\framework\web\CController.php(291): CFilterChain->run()
#32 C:\OpenServer\domains\plant.ua\vendor\yiisoft\yii\framework\web\CController.php(265): CController->runActionWithFilters(Object(CInlineAction), Array)
#33 C:\OpenServer\domains\plant.ua\vendor\yiisoft\yii\framework\web\CWebApplication.php(282): CController->run('admin')
#34 C:\OpenServer\domains\plant.ua\vendor\yiisoft\yii\framework\web\CWebApplication.php(141): CWebApplication->runController('project/admin')
#35 C:\OpenServer\domains\plant.ua\vendor\yiisoft\yii\framework\base\CApplication.php(180): CWebApplication->processRequest()
#36 C:\OpenServer\domains\plant.ua\index.php(13): CApplication->run()
#37 {main}
REQUEST_URI=/project/admin
---
2014/12/05 19:15:14 [error] [system.db.CDbCommand] CDbCommand::fetchAll() failed: SQLSTATE[42S22]: Column not found: 1054 Unknown column 'profile.profile_id' in 'where clause'. The SQL statement executed was: SELECT `profile`.`id` AS `t1_c0`, `profile`.`name` AS `t1_c1`, `profile`.`length` AS `t1_c2`, `profile`.`amount` AS `t1_c3`, `profile`.`status` AS `t1_c4`, `profile`.`project_id` AS `t1_c5` FROM `profile` `profile`  WHERE (`profile`.`profile_id`=:ypl0).
in C:\OpenServer\domains\plant.ua\protected\views\project\admin.php (62)
in C:\OpenServer\domains\plant.ua\protected\controllers\ProjectController.php (143)
in C:\OpenServer\domains\plant.ua\index.php (13)
2014/12/05 19:15:14 [error] [exception.CDbException] exception 'CDbException' with message 'CDbCommand failed to execute the SQL statement: SQLSTATE[42S22]: Column not found: 1054 Unknown column 'profile.profile_id' in 'where clause'. The SQL statement executed was: SELECT `profile`.`id` AS `t1_c0`, `profile`.`name` AS `t1_c1`, `profile`.`length` AS `t1_c2`, `profile`.`amount` AS `t1_c3`, `profile`.`status` AS `t1_c4`, `profile`.`project_id` AS `t1_c5` FROM `profile` `profile`  WHERE (`profile`.`profile_id`=:ypl0)' in C:\OpenServer\domains\plant.ua\vendor\yiisoft\yii\framework\db\CDbCommand.php:543
Stack trace:
#0 C:\OpenServer\domains\plant.ua\vendor\yiisoft\yii\framework\db\CDbCommand.php(396): CDbCommand->queryInternal('fetchAll', Array, Array)
#1 C:\OpenServer\domains\plant.ua\vendor\yiisoft\yii\framework\db\ar\CActiveFinder.php(803): CDbCommand->queryAll()
#2 C:\OpenServer\domains\plant.ua\vendor\yiisoft\yii\framework\db\ar\CActiveFinder.php(507): CJoinElement->runQuery(Object(CJoinQuery))
#3 C:\OpenServer\domains\plant.ua\vendor\yiisoft\yii\framework\db\ar\CActiveFinder.php(163): CJoinElement->lazyFind(Object(Project))
#4 C:\OpenServer\domains\plant.ua\vendor\yiisoft\yii\framework\db\ar\CActiveRecord.php(281): CActiveFinder->lazyFind(Object(Project))
#5 C:\OpenServer\domains\plant.ua\vendor\yiisoft\yii\framework\db\ar\CActiveRecord.php(143): CActiveRecord->getRelated('profile')
#6 C:\OpenServer\domains\plant.ua\vendor\yiisoft\yii\framework\base\CComponent.php(612) : eval()'d code(1): CActiveRecord->__get('profile')
#7 C:\OpenServer\domains\plant.ua\vendor\yiisoft\yii\framework\base\CComponent.php(612): eval()
#8 C:\OpenServer\domains\plant.ua\vendor\yiisoft\yii\framework\zii\widgets\grid\CDataColumn.php(137): CComponent->evaluateExpression('$data->profile-...', Array)
#9 C:\OpenServer\domains\plant.ua\vendor\yiisoft\yii\framework\zii\widgets\grid\CGridColumn.php(151): CDataColumn->renderDataCellContent(0, Object(Project))
#10 C:\OpenServer\domains\plant.ua\vendor\yiisoft\yii\framework\zii\widgets\grid\CGridView.php(616): CGridColumn->renderDataCell(0)
#11 C:\OpenServer\domains\plant.ua\vendor\yiisoft\yii\framework\zii\widgets\grid\CGridView.php(572): CGridView->renderTableRow(0)
#12 C:\OpenServer\domains\plant.ua\vendor\yiisoft\yii\framework\zii\widgets\grid\CGridView.php(482): CGridView->renderTableBody()
#13 C:\OpenServer\domains\plant.ua\vendor\yiisoft\yii\framework\zii\widgets\CBaseListView.php(167): CGridView->renderItems()
#14 [internal function]: CBaseListView->renderSection(Array)
#15 C:\OpenServer\domains\plant.ua\vendor\yiisoft\yii\framework\zii\widgets\CBaseListView.php(150): preg_replace_callback('/{(\\w+)}/', Array, '{summary}\n{item...')
#16 C:\OpenServer\domains\plant.ua\vendor\yiisoft\yii\framework\zii\widgets\CBaseListView.php(135): CBaseListView->renderContent()
#17 C:\OpenServer\domains\plant.ua\vendor\yiisoft\yii\framework\web\CBaseController.php(173): CBaseListView->run()
#18 C:\OpenServer\domains\plant.ua\protected\views\project\admin.php(62): CBaseController->widget('zii.widgets.gri...', Array)
#19 C:\OpenServer\domains\plant.ua\vendor\yiisoft\yii\framework\web\CBaseController.php(126): require('C:\\OpenServer\\d...')
#20 C:\OpenServer\domains\plant.ua\vendor\yiisoft\yii\framework\web\CBaseController.php(95): CBaseController->renderInternal('C:\\OpenServer\\d...', Array, true)
#21 C:\OpenServer\domains\plant.ua\vendor\yiisoft\yii\framework\web\CController.php(869): CBaseController->renderFile('C:\\OpenServer\\d...', Array, true)
#22 C:\OpenServer\domains\plant.ua\vendor\yiisoft\yii\framework\web\CController.php(782): CController->renderPartial('admin', Array, true)
#23 C:\OpenServer\domains\plant.ua\protected\controllers\ProjectController.php(143): CController->render('admin', Array)
#24 C:\OpenServer\domains\plant.ua\vendor\yiisoft\yii\framework\web\actions\CInlineAction.php(49): ProjectController->actionAdmin()
#25 C:\OpenServer\domains\plant.ua\vendor\yiisoft\yii\framework\web\CController.php(308): CInlineAction->runWithParams(Array)
#26 C:\OpenServer\domains\plant.ua\vendor\yiisoft\yii\framework\web\filters\CFilterChain.php(133): CController->runAction(Object(CInlineAction))
#27 C:\OpenServer\domains\plant.ua\vendor\yiisoft\yii\framework\web\filters\CFilter.php(40): CFilterChain->run()
#28 C:\OpenServer\domains\plant.ua\vendor\yiisoft\yii\framework\web\CController.php(1145): CFilter->filter(Object(CFilterChain))
#29 C:\OpenServer\domains\plant.ua\vendor\yiisoft\yii\framework\web\filters\CInlineFilter.php(58): CController->filterAccessControl(Object(CFilterChain))
#30 C:\OpenServer\domains\plant.ua\vendor\yiisoft\yii\framework\web\filters\CFilterChain.php(130): CInlineFilter->filter(Object(CFilterChain))
#31 C:\OpenServer\domains\plant.ua\vendor\yiisoft\yii\framework\web\CController.php(291): CFilterChain->run()
#32 C:\OpenServer\domains\plant.ua\vendor\yiisoft\yii\framework\web\CController.php(265): CController->runActionWithFilters(Object(CInlineAction), Array)
#33 C:\OpenServer\domains\plant.ua\vendor\yiisoft\yii\framework\web\CWebApplication.php(282): CController->run('admin')
#34 C:\OpenServer\domains\plant.ua\vendor\yiisoft\yii\framework\web\CWebApplication.php(141): CWebApplication->runController('project/admin')
#35 C:\OpenServer\domains\plant.ua\vendor\yiisoft\yii\framework\base\CApplication.php(180): CWebApplication->processRequest()
#36 C:\OpenServer\domains\plant.ua\index.php(13): CApplication->run()
#37 {main}
REQUEST_URI=/project/admin
---
2014/12/05 19:15:24 [error] [system.db.CDbCommand] CDbCommand::fetchAll() failed: SQLSTATE[42S22]: Column not found: 1054 Unknown column 'profile.profile_id' in 'where clause'. The SQL statement executed was: SELECT `profile`.`id` AS `t1_c0`, `profile`.`name` AS `t1_c1`, `profile`.`length` AS `t1_c2`, `profile`.`amount` AS `t1_c3`, `profile`.`status` AS `t1_c4`, `profile`.`project_id` AS `t1_c5` FROM `profile` `profile`  WHERE (`profile`.`profile_id`=:ypl0).
in C:\OpenServer\domains\plant.ua\protected\views\project\admin.php (62)
in C:\OpenServer\domains\plant.ua\protected\controllers\ProjectController.php (143)
in C:\OpenServer\domains\plant.ua\index.php (13)
2014/12/05 19:15:24 [error] [exception.CDbException] exception 'CDbException' with message 'CDbCommand failed to execute the SQL statement: SQLSTATE[42S22]: Column not found: 1054 Unknown column 'profile.profile_id' in 'where clause'. The SQL statement executed was: SELECT `profile`.`id` AS `t1_c0`, `profile`.`name` AS `t1_c1`, `profile`.`length` AS `t1_c2`, `profile`.`amount` AS `t1_c3`, `profile`.`status` AS `t1_c4`, `profile`.`project_id` AS `t1_c5` FROM `profile` `profile`  WHERE (`profile`.`profile_id`=:ypl0)' in C:\OpenServer\domains\plant.ua\vendor\yiisoft\yii\framework\db\CDbCommand.php:543
Stack trace:
#0 C:\OpenServer\domains\plant.ua\vendor\yiisoft\yii\framework\db\CDbCommand.php(396): CDbCommand->queryInternal('fetchAll', Array, Array)
#1 C:\OpenServer\domains\plant.ua\vendor\yiisoft\yii\framework\db\ar\CActiveFinder.php(803): CDbCommand->queryAll()
#2 C:\OpenServer\domains\plant.ua\vendor\yiisoft\yii\framework\db\ar\CActiveFinder.php(507): CJoinElement->runQuery(Object(CJoinQuery))
#3 C:\OpenServer\domains\plant.ua\vendor\yiisoft\yii\framework\db\ar\CActiveFinder.php(163): CJoinElement->lazyFind(Object(Project))
#4 C:\OpenServer\domains\plant.ua\vendor\yiisoft\yii\framework\db\ar\CActiveRecord.php(281): CActiveFinder->lazyFind(Object(Project))
#5 C:\OpenServer\domains\plant.ua\vendor\yiisoft\yii\framework\db\ar\CActiveRecord.php(143): CActiveRecord->getRelated('profile')
#6 C:\OpenServer\domains\plant.ua\vendor\yiisoft\yii\framework\base\CComponent.php(612) : eval()'d code(1): CActiveRecord->__get('profile')
#7 C:\OpenServer\domains\plant.ua\vendor\yiisoft\yii\framework\base\CComponent.php(612): eval()
#8 C:\OpenServer\domains\plant.ua\vendor\yiisoft\yii\framework\zii\widgets\grid\CDataColumn.php(137): CComponent->evaluateExpression('$data->profile-...', Array)
#9 C:\OpenServer\domains\plant.ua\vendor\yiisoft\yii\framework\zii\widgets\grid\CGridColumn.php(151): CDataColumn->renderDataCellContent(0, Object(Project))
#10 C:\OpenServer\domains\plant.ua\vendor\yiisoft\yii\framework\zii\widgets\grid\CGridView.php(616): CGridColumn->renderDataCell(0)
#11 C:\OpenServer\domains\plant.ua\vendor\yiisoft\yii\framework\zii\widgets\grid\CGridView.php(572): CGridView->renderTableRow(0)
#12 C:\OpenServer\domains\plant.ua\vendor\yiisoft\yii\framework\zii\widgets\grid\CGridView.php(482): CGridView->renderTableBody()
#13 C:\OpenServer\domains\plant.ua\vendor\yiisoft\yii\framework\zii\widgets\CBaseListView.php(167): CGridView->renderItems()
#14 [internal function]: CBaseListView->renderSection(Array)
#15 C:\OpenServer\domains\plant.ua\vendor\yiisoft\yii\framework\zii\widgets\CBaseListView.php(150): preg_replace_callback('/{(\\w+)}/', Array, '{summary}\n{item...')
#16 C:\OpenServer\domains\plant.ua\vendor\yiisoft\yii\framework\zii\widgets\CBaseListView.php(135): CBaseListView->renderContent()
#17 C:\OpenServer\domains\plant.ua\vendor\yiisoft\yii\framework\web\CBaseController.php(173): CBaseListView->run()
#18 C:\OpenServer\domains\plant.ua\protected\views\project\admin.php(62): CBaseController->widget('zii.widgets.gri...', Array)
#19 C:\OpenServer\domains\plant.ua\vendor\yiisoft\yii\framework\web\CBaseController.php(126): require('C:\\OpenServer\\d...')
#20 C:\OpenServer\domains\plant.ua\vendor\yiisoft\yii\framework\web\CBaseController.php(95): CBaseController->renderInternal('C:\\OpenServer\\d...', Array, true)
#21 C:\OpenServer\domains\plant.ua\vendor\yiisoft\yii\framework\web\CController.php(869): CBaseController->renderFile('C:\\OpenServer\\d...', Array, true)
#22 C:\OpenServer\domains\plant.ua\vendor\yiisoft\yii\framework\web\CController.php(782): CController->renderPartial('admin', Array, true)
#23 C:\OpenServer\domains\plant.ua\protected\controllers\ProjectController.php(143): CController->render('admin', Array)
#24 C:\OpenServer\domains\plant.ua\vendor\yiisoft\yii\framework\web\actions\CInlineAction.php(49): ProjectController->actionAdmin()
#25 C:\OpenServer\domains\plant.ua\vendor\yiisoft\yii\framework\web\CController.php(308): CInlineAction->runWithParams(Array)
#26 C:\OpenServer\domains\plant.ua\vendor\yiisoft\yii\framework\web\filters\CFilterChain.php(133): CController->runAction(Object(CInlineAction))
#27 C:\OpenServer\domains\plant.ua\vendor\yiisoft\yii\framework\web\filters\CFilter.php(40): CFilterChain->run()
#28 C:\OpenServer\domains\plant.ua\vendor\yiisoft\yii\framework\web\CController.php(1145): CFilter->filter(Object(CFilterChain))
#29 C:\OpenServer\domains\plant.ua\vendor\yiisoft\yii\framework\web\filters\CInlineFilter.php(58): CController->filterAccessControl(Object(CFilterChain))
#30 C:\OpenServer\domains\plant.ua\vendor\yiisoft\yii\framework\web\filters\CFilterChain.php(130): CInlineFilter->filter(Object(CFilterChain))
#31 C:\OpenServer\domains\plant.ua\vendor\yiisoft\yii\framework\web\CController.php(291): CFilterChain->run()
#32 C:\OpenServer\domains\plant.ua\vendor\yiisoft\yii\framework\web\CController.php(265): CController->runActionWithFilters(Object(CInlineAction), Array)
#33 C:\OpenServer\domains\plant.ua\vendor\yiisoft\yii\framework\web\CWebApplication.php(282): CController->run('admin')
#34 C:\OpenServer\domains\plant.ua\vendor\yiisoft\yii\framework\web\CWebApplication.php(141): CWebApplication->runController('project/admin')
#35 C:\OpenServer\domains\plant.ua\vendor\yiisoft\yii\framework\base\CApplication.php(180): CWebApplication->processRequest()
#36 C:\OpenServer\domains\plant.ua\index.php(13): CApplication->run()
#37 {main}
REQUEST_URI=/project/admin
---
2014/12/05 19:16:23 [error] [system.db.CDbCommand] CDbCommand::fetchAll() failed: SQLSTATE[42S22]: Column not found: 1054 Unknown column 'profile.profile_id' in 'where clause'. The SQL statement executed was: SELECT `profile`.`id` AS `t1_c0`, `profile`.`name` AS `t1_c1`, `profile`.`length` AS `t1_c2`, `profile`.`amount` AS `t1_c3`, `profile`.`status` AS `t1_c4`, `profile`.`project_id` AS `t1_c5` FROM `profile` `profile`  WHERE (`profile`.`profile_id`=:ypl0).
in C:\OpenServer\domains\plant.ua\protected\views\project\admin.php (61)
in C:\OpenServer\domains\plant.ua\protected\controllers\ProjectController.php (143)
in C:\OpenServer\domains\plant.ua\index.php (13)
2014/12/05 19:16:23 [error] [exception.CDbException] exception 'CDbException' with message 'CDbCommand failed to execute the SQL statement: SQLSTATE[42S22]: Column not found: 1054 Unknown column 'profile.profile_id' in 'where clause'. The SQL statement executed was: SELECT `profile`.`id` AS `t1_c0`, `profile`.`name` AS `t1_c1`, `profile`.`length` AS `t1_c2`, `profile`.`amount` AS `t1_c3`, `profile`.`status` AS `t1_c4`, `profile`.`project_id` AS `t1_c5` FROM `profile` `profile`  WHERE (`profile`.`profile_id`=:ypl0)' in C:\OpenServer\domains\plant.ua\vendor\yiisoft\yii\framework\db\CDbCommand.php:543
Stack trace:
#0 C:\OpenServer\domains\plant.ua\vendor\yiisoft\yii\framework\db\CDbCommand.php(396): CDbCommand->queryInternal('fetchAll', Array, Array)
#1 C:\OpenServer\domains\plant.ua\vendor\yiisoft\yii\framework\db\ar\CActiveFinder.php(803): CDbCommand->queryAll()
#2 C:\OpenServer\domains\plant.ua\vendor\yiisoft\yii\framework\db\ar\CActiveFinder.php(507): CJoinElement->runQuery(Object(CJoinQuery))
#3 C:\OpenServer\domains\plant.ua\vendor\yiisoft\yii\framework\db\ar\CActiveFinder.php(163): CJoinElement->lazyFind(Object(Project))
#4 C:\OpenServer\domains\plant.ua\vendor\yiisoft\yii\framework\db\ar\CActiveRecord.php(281): CActiveFinder->lazyFind(Object(Project))
#5 C:\OpenServer\domains\plant.ua\vendor\yiisoft\yii\framework\db\ar\CActiveRecord.php(143): CActiveRecord->getRelated('profile')
#6 C:\OpenServer\domains\plant.ua\vendor\yiisoft\yii\framework\base\CComponent.php(612) : eval()'d code(1): CActiveRecord->__get('profile')
#7 C:\OpenServer\domains\plant.ua\vendor\yiisoft\yii\framework\base\CComponent.php(612): eval()
#8 C:\OpenServer\domains\plant.ua\vendor\yiisoft\yii\framework\zii\widgets\grid\CDataColumn.php(137): CComponent->evaluateExpression('$data->profile-...', Array)
#9 C:\OpenServer\domains\plant.ua\vendor\yiisoft\yii\framework\zii\widgets\grid\CGridColumn.php(151): CDataColumn->renderDataCellContent(0, Object(Project))
#10 C:\OpenServer\domains\plant.ua\vendor\yiisoft\yii\framework\zii\widgets\grid\CGridView.php(616): CGridColumn->renderDataCell(0)
#11 C:\OpenServer\domains\plant.ua\vendor\yiisoft\yii\framework\zii\widgets\grid\CGridView.php(572): CGridView->renderTableRow(0)
#12 C:\OpenServer\domains\plant.ua\vendor\yiisoft\yii\framework\zii\widgets\grid\CGridView.php(482): CGridView->renderTableBody()
#13 C:\OpenServer\domains\plant.ua\vendor\yiisoft\yii\framework\zii\widgets\CBaseListView.php(167): CGridView->renderItems()
#14 [internal function]: CBaseListView->renderSection(Array)
#15 C:\OpenServer\domains\plant.ua\vendor\yiisoft\yii\framework\zii\widgets\CBaseListView.php(150): preg_replace_callback('/{(\\w+)}/', Array, '{summary}\n{item...')
#16 C:\OpenServer\domains\plant.ua\vendor\yiisoft\yii\framework\zii\widgets\CBaseListView.php(135): CBaseListView->renderContent()
#17 C:\OpenServer\domains\plant.ua\vendor\yiisoft\yii\framework\web\CBaseController.php(173): CBaseListView->run()
#18 C:\OpenServer\domains\plant.ua\protected\views\project\admin.php(61): CBaseController->widget('zii.widgets.gri...', Array)
#19 C:\OpenServer\domains\plant.ua\vendor\yiisoft\yii\framework\web\CBaseController.php(126): require('C:\\OpenServer\\d...')
#20 C:\OpenServer\domains\plant.ua\vendor\yiisoft\yii\framework\web\CBaseController.php(95): CBaseController->renderInternal('C:\\OpenServer\\d...', Array, true)
#21 C:\OpenServer\domains\plant.ua\vendor\yiisoft\yii\framework\web\CController.php(869): CBaseController->renderFile('C:\\OpenServer\\d...', Array, true)
#22 C:\OpenServer\domains\plant.ua\vendor\yiisoft\yii\framework\web\CController.php(782): CController->renderPartial('admin', Array, true)
#23 C:\OpenServer\domains\plant.ua\protected\controllers\ProjectController.php(143): CController->render('admin', Array)
#24 C:\OpenServer\domains\plant.ua\vendor\yiisoft\yii\framework\web\actions\CInlineAction.php(49): ProjectController->actionAdmin()
#25 C:\OpenServer\domains\plant.ua\vendor\yiisoft\yii\framework\web\CController.php(308): CInlineAction->runWithParams(Array)
#26 C:\OpenServer\domains\plant.ua\vendor\yiisoft\yii\framework\web\filters\CFilterChain.php(133): CController->runAction(Object(CInlineAction))
#27 C:\OpenServer\domains\plant.ua\vendor\yiisoft\yii\framework\web\filters\CFilter.php(40): CFilterChain->run()
#28 C:\OpenServer\domains\plant.ua\vendor\yiisoft\yii\framework\web\CController.php(1145): CFilter->filter(Object(CFilterChain))
#29 C:\OpenServer\domains\plant.ua\vendor\yiisoft\yii\framework\web\filters\CInlineFilter.php(58): CController->filterAccessControl(Object(CFilterChain))
#30 C:\OpenServer\domains\plant.ua\vendor\yiisoft\yii\framework\web\filters\CFilterChain.php(130): CInlineFilter->filter(Object(CFilterChain))
#31 C:\OpenServer\domains\plant.ua\vendor\yiisoft\yii\framework\web\CController.php(291): CFilterChain->run()
#32 C:\OpenServer\domains\plant.ua\vendor\yiisoft\yii\framework\web\CController.php(265): CController->runActionWithFilters(Object(CInlineAction), Array)
#33 C:\OpenServer\domains\plant.ua\vendor\yiisoft\yii\framework\web\CWebApplication.php(282): CController->run('admin')
#34 C:\OpenServer\domains\plant.ua\vendor\yiisoft\yii\framework\web\CWebApplication.php(141): CWebApplication->runController('project/admin')
#35 C:\OpenServer\domains\plant.ua\vendor\yiisoft\yii\framework\base\CApplication.php(180): CWebApplication->processRequest()
#36 C:\OpenServer\domains\plant.ua\index.php(13): CApplication->run()
#37 {main}
REQUEST_URI=/project/admin
---
